----------------------------------------
Timestamp: 5/5/2012 3:44:29 PM
Message: HandlingInstanceID: 3f4f4c97-0e9f-4fd8-8f77-4001fe61b938
An exception of type 'System.Data.SqlClient.SqlException' occurred and was caught.
----------------------------------------------------------------------------------
05/05/2012 15:44:29
Type : System.Data.SqlClient.SqlException, System.Data, Version=4.0.0.0, Culture=neutral, PublicKeyToken=b77a5c561934e089
Message : Cannot open database "MovieBooking" requested by the login. The login failed.
Login failed for user 'TEAMIE-PC\TEAMIE'.
Source : .Net SqlClient Data Provider
Help link : 
Errors : System.Data.SqlClient.SqlErrorCollection
Class : 11
LineNumber : 65536
Number : 4060
Procedure : 
Server : .\SQLExpress
State : 1
ErrorCode : -2146232060
Data : System.Collections.ListDictionaryInternal
TargetSite : Void OnError(System.Data.SqlClient.SqlException, Boolean)
Stack Trace :    at System.Data.SqlClient.SqlInternalConnection.OnError(SqlException exception, Boolean breakConnection)
   at System.Data.SqlClient.TdsParser.ThrowExceptionAndWarning()
   at System.Data.SqlClient.TdsParser.Run(RunBehavior runBehavior, SqlCommand cmdHandler, SqlDataReader dataStream, BulkCopySimpleResultSet bulkCopyHandler, TdsParserStateObject stateObj)
   at System.Data.SqlClient.SqlInternalConnectionTds.CompleteLogin(Boolean enlistOK)
   at System.Data.SqlClient.SqlInternalConnectionTds.AttemptOneLogin(ServerInfo serverInfo, String newPassword, Boolean ignoreSniOpenTimeout, TimeoutTimer timeout, SqlConnection owningObject)
   at System.Data.SqlClient.SqlInternalConnectionTds.LoginNoFailover(ServerInfo serverInfo, String newPassword, Boolean redirectedUserInstance, SqlConnection owningObject, SqlConnectionString connectionOptions, TimeoutTimer timeout)
   at System.Data.SqlClient.SqlInternalConnectionTds.OpenLoginEnlist(SqlConnection owningObject, TimeoutTimer timeout, SqlConnectionString connectionOptions, String newPassword, Boolean redirectedUserInstance)
   at System.Data.SqlClient.SqlInternalConnectionTds..ctor(DbConnectionPoolIdentity identity, SqlConnectionString connectionOptions, Object providerInfo, String newPassword, SqlConnection owningObject, Boolean redirectedUserInstance)
   at System.Data.SqlClient.SqlConnectionFactory.CreateConnection(DbConnectionOptions options, Object poolGroupProviderInfo, DbConnectionPool pool, DbConnection owningConnection)
   at System.Data.ProviderBase.DbConnectionFactory.CreatePooledConnection(DbConnection owningConnection, DbConnectionPool pool, DbConnectionOptions options)
   at System.Data.ProviderBase.DbConnectionPool.CreateObject(DbConnection owningObject)
   at System.Data.ProviderBase.DbConnectionPool.UserCreateRequest(DbConnection owningObject)
   at System.Data.ProviderBase.DbConnectionPool.GetConnection(DbConnection owningObject)
   at System.Data.ProviderBase.DbConnectionFactory.GetConnection(DbConnection owningConnection)
   at System.Data.ProviderBase.DbConnectionClosed.OpenConnection(DbConnection outerConnection, DbConnectionFactory connectionFactory)
   at System.Data.SqlClient.SqlConnection.Open()
   at System.Web.DataAccess.SqlConnectionHolder.Open(HttpContext context, Boolean revertImpersonate)
   at System.Web.DataAccess.SqlConnectionHelper.GetConnection(String connectionString, Boolean revertImpersonation)
   at System.Web.Security.SqlMembershipProvider.CreateUser(String username, String password, String email, String passwordQuestion, String passwordAnswer, Boolean isApproved, Object providerUserKey, MembershipCreateStatus& status)
   at System.Web.Security.Membership.CreateUser(String username, String password, String email, String passwordQuestion, String passwordAnswer, Boolean isApproved, Object providerUserKey, MembershipCreateStatus& status)
   at MovieBooking.BLL.Entities.RegisteredUser.Insert() in C:\subu\Mtech\Dot.Net\movie-ticket-booking-system\trunk\BLL\Entities\RegisteredUser.cs:line 109
   at MovieBooking.BLL.Entities.RegisteredUser.<InsertMember>b__0() in C:\subu\Mtech\Dot.Net\movie-ticket-booking-system\trunk\BLL\Entities\RegisteredUser.cs:line 88
   at Microsoft.Practices.EnterpriseLibrary.ExceptionHandling.ExceptionManagerImpl.Process[TResult](Func`1 action, TResult defaultResult, String policyName) in e:\Builds\EntLib\Latest\Source\Blocks\ExceptionHandling\Src\ExceptionHandling\ExceptionManagerImpl.cs:line 214

Additional Info:

MachineName : TEAMIE-PC
TimeStamp : 5/5/2012 7:44:29 AM
FullName : Microsoft.Practices.EnterpriseLibrary.ExceptionHandling, Version=5.0.414.0, Culture=neutral, PublicKeyToken=31bf3856ad364e35
AppDomainName : a3b4c87f-2-129806773777563463
ThreadIdentity : 
WindowsIdentity : TEAMIE-PC\TEAMIE

Category: Exception
Priority: 0
EventId: 100
Severity: Error
Title: Enterprise Library Exception Handling
Activity ID: 00000000-0000-0000-0000-000000000000
Machine: TEAMIE-PC
App Domain: a3b4c87f-2-129806773777563463
ProcessId: 6132
Process Name: C:\Program Files (x86)\Common Files\Microsoft Shared\DevServer\10.0\WebDev.WebServer40.exe
Thread Name: 
Win32 ThreadId:5476
Extended Properties: HelpLink.ProdName - Microsoft SQL Server
HelpLink.EvtSrc - MSSQLServer
HelpLink.EvtID - 4060
HelpLink.BaseHelpUrl - http://go.microsoft.com/fwlink
HelpLink.LinkId - 20476

----------------------------------------
----------------------------------------
Timestamp: 5/5/2012 3:48:22 PM
Message: HandlingInstanceID: e3fba816-3ce0-4e3a-a5b0-b715b83a48e1
An exception of type 'System.Data.SqlClient.SqlException' occurred and was caught.
----------------------------------------------------------------------------------
05/05/2012 15:48:22
Type : System.Data.SqlClient.SqlException, System.Data, Version=4.0.0.0, Culture=neutral, PublicKeyToken=b77a5c561934e089
Message : Cannot open database "MovieBooking" requested by the login. The login failed.
Login failed for user 'TEAMIE-PC\TEAMIE'.
Source : .Net SqlClient Data Provider
Help link : 
Errors : System.Data.SqlClient.SqlErrorCollection
Class : 11
LineNumber : 65536
Number : 4060
Procedure : 
Server : .\SQLExpress
State : 1
ErrorCode : -2146232060
Data : System.Collections.ListDictionaryInternal
TargetSite : Void OnError(System.Data.SqlClient.SqlException, Boolean)
Stack Trace :    at System.Data.SqlClient.SqlInternalConnection.OnError(SqlException exception, Boolean breakConnection)
   at System.Data.SqlClient.TdsParser.ThrowExceptionAndWarning()
   at System.Data.SqlClient.TdsParser.Run(RunBehavior runBehavior, SqlCommand cmdHandler, SqlDataReader dataStream, BulkCopySimpleResultSet bulkCopyHandler, TdsParserStateObject stateObj)
   at System.Data.SqlClient.SqlInternalConnectionTds.CompleteLogin(Boolean enlistOK)
   at System.Data.SqlClient.SqlInternalConnectionTds.AttemptOneLogin(ServerInfo serverInfo, String newPassword, Boolean ignoreSniOpenTimeout, TimeoutTimer timeout, SqlConnection owningObject)
   at System.Data.SqlClient.SqlInternalConnectionTds.LoginNoFailover(ServerInfo serverInfo, String newPassword, Boolean redirectedUserInstance, SqlConnection owningObject, SqlConnectionString connectionOptions, TimeoutTimer timeout)
   at System.Data.SqlClient.SqlInternalConnectionTds.OpenLoginEnlist(SqlConnection owningObject, TimeoutTimer timeout, SqlConnectionString connectionOptions, String newPassword, Boolean redirectedUserInstance)
   at System.Data.SqlClient.SqlInternalConnectionTds..ctor(DbConnectionPoolIdentity identity, SqlConnectionString connectionOptions, Object providerInfo, String newPassword, SqlConnection owningObject, Boolean redirectedUserInstance)
   at System.Data.SqlClient.SqlConnectionFactory.CreateConnection(DbConnectionOptions options, Object poolGroupProviderInfo, DbConnectionPool pool, DbConnection owningConnection)
   at System.Data.ProviderBase.DbConnectionFactory.CreatePooledConnection(DbConnection owningConnection, DbConnectionPool pool, DbConnectionOptions options)
   at System.Data.ProviderBase.DbConnectionPool.CreateObject(DbConnection owningObject)
   at System.Data.ProviderBase.DbConnectionPool.UserCreateRequest(DbConnection owningObject)
   at System.Data.ProviderBase.DbConnectionPool.GetConnection(DbConnection owningObject)
   at System.Data.ProviderBase.DbConnectionFactory.GetConnection(DbConnection owningConnection)
   at System.Data.ProviderBase.DbConnectionClosed.OpenConnection(DbConnection outerConnection, DbConnectionFactory connectionFactory)
   at System.Data.SqlClient.SqlConnection.Open()
   at System.Web.DataAccess.SqlConnectionHolder.Open(HttpContext context, Boolean revertImpersonate)
   at System.Web.DataAccess.SqlConnectionHelper.GetConnection(String connectionString, Boolean revertImpersonation)
   at System.Web.Security.SqlMembershipProvider.CreateUser(String username, String password, String email, String passwordQuestion, String passwordAnswer, Boolean isApproved, Object providerUserKey, MembershipCreateStatus& status)
   at System.Web.Security.Membership.CreateUser(String username, String password, String email, String passwordQuestion, String passwordAnswer, Boolean isApproved, Object providerUserKey, MembershipCreateStatus& status)
   at MovieBooking.BLL.Entities.RegisteredUser.Insert() in C:\subu\Mtech\Dot.Net\movie-ticket-booking-system\trunk\BLL\Entities\RegisteredUser.cs:line 109
   at MovieBooking.BLL.Entities.RegisteredUser.<InsertMember>b__0() in C:\subu\Mtech\Dot.Net\movie-ticket-booking-system\trunk\BLL\Entities\RegisteredUser.cs:line 88
   at Microsoft.Practices.EnterpriseLibrary.ExceptionHandling.ExceptionManagerImpl.Process[TResult](Func`1 action, TResult defaultResult, String policyName) in e:\Builds\EntLib\Latest\Source\Blocks\ExceptionHandling\Src\ExceptionHandling\ExceptionManagerImpl.cs:line 214

Additional Info:

MachineName : TEAMIE-PC
TimeStamp : 5/5/2012 7:48:22 AM
FullName : Microsoft.Practices.EnterpriseLibrary.ExceptionHandling, Version=5.0.414.0, Culture=neutral, PublicKeyToken=31bf3856ad364e35
AppDomainName : a3b4c87f-2-129806773777563463
ThreadIdentity : 
WindowsIdentity : TEAMIE-PC\TEAMIE

Category: Exception
Priority: 0
EventId: 100
Severity: Error
Title: Enterprise Library Exception Handling
Activity ID: 00000000-0000-0000-0000-000000000000
Machine: TEAMIE-PC
App Domain: a3b4c87f-2-129806773777563463
ProcessId: 6132
Process Name: C:\Program Files (x86)\Common Files\Microsoft Shared\DevServer\10.0\WebDev.WebServer40.exe
Thread Name: 
Win32 ThreadId:5640
Extended Properties: HelpLink.ProdName - Microsoft SQL Server
HelpLink.EvtSrc - MSSQLServer
HelpLink.EvtID - 4060
HelpLink.BaseHelpUrl - http://go.microsoft.com/fwlink
HelpLink.LinkId - 20476

----------------------------------------
----------------------------------------
Timestamp: 5/5/2012 4:10:27 PM
Message: HandlingInstanceID: f1efdcaf-faf1-4930-a5c2-03f2f3529259
An exception of type 'System.Data.SqlClient.SqlException' occurred and was caught.
----------------------------------------------------------------------------------
05/05/2012 16:10:27
Type : System.Data.SqlClient.SqlException, System.Data, Version=4.0.0.0, Culture=neutral, PublicKeyToken=b77a5c561934e089
Message : A network-related or instance-specific error occurred while establishing a connection to SQL Server. The server was not found or was not accessible. Verify that the instance name is correct and that SQL Server is configured to allow remote connections. (provider: SQL Network Interfaces, error: 25 - Connection string is not valid)
Source : .Net SqlClient Data Provider
Help link : 
Errors : System.Data.SqlClient.SqlErrorCollection
Class : 20
LineNumber : 0
Number : 87
Procedure : 
Server : 
State : 0
ErrorCode : -2146232060
Data : System.Collections.ListDictionaryInternal
TargetSite : Void OnError(System.Data.SqlClient.SqlException, Boolean)
Stack Trace :    at System.Data.SqlClient.SqlInternalConnection.OnError(SqlException exception, Boolean breakConnection)
   at System.Data.SqlClient.TdsParser.ThrowExceptionAndWarning()
   at System.Data.SqlClient.TdsParser.Connect(ServerInfo serverInfo, SqlInternalConnectionTds connHandler, Boolean ignoreSniOpenTimeout, Int64 timerExpire, Boolean encrypt, Boolean trustServerCert, Boolean integratedSecurity)
   at System.Data.SqlClient.SqlInternalConnectionTds.AttemptOneLogin(ServerInfo serverInfo, String newPassword, Boolean ignoreSniOpenTimeout, TimeoutTimer timeout, SqlConnection owningObject)
   at System.Data.SqlClient.SqlInternalConnectionTds.LoginNoFailover(ServerInfo serverInfo, String newPassword, Boolean redirectedUserInstance, SqlConnection owningObject, SqlConnectionString connectionOptions, TimeoutTimer timeout)
   at System.Data.SqlClient.SqlInternalConnectionTds.OpenLoginEnlist(SqlConnection owningObject, TimeoutTimer timeout, SqlConnectionString connectionOptions, String newPassword, Boolean redirectedUserInstance)
   at System.Data.SqlClient.SqlInternalConnectionTds..ctor(DbConnectionPoolIdentity identity, SqlConnectionString connectionOptions, Object providerInfo, String newPassword, SqlConnection owningObject, Boolean redirectedUserInstance)
   at System.Data.SqlClient.SqlConnectionFactory.CreateConnection(DbConnectionOptions options, Object poolGroupProviderInfo, DbConnectionPool pool, DbConnection owningConnection)
   at System.Data.ProviderBase.DbConnectionFactory.CreatePooledConnection(DbConnection owningConnection, DbConnectionPool pool, DbConnectionOptions options)
   at System.Data.ProviderBase.DbConnectionPool.CreateObject(DbConnection owningObject)
   at System.Data.ProviderBase.DbConnectionPool.UserCreateRequest(DbConnection owningObject)
   at System.Data.ProviderBase.DbConnectionPool.GetConnection(DbConnection owningObject)
   at System.Data.ProviderBase.DbConnectionFactory.GetConnection(DbConnection owningConnection)
   at System.Data.ProviderBase.DbConnectionClosed.OpenConnection(DbConnection outerConnection, DbConnectionFactory connectionFactory)
   at System.Data.SqlClient.SqlConnection.Open()
   at System.Web.DataAccess.SqlConnectionHolder.Open(HttpContext context, Boolean revertImpersonate)
   at System.Web.DataAccess.SqlConnectionHelper.GetConnection(String connectionString, Boolean revertImpersonation)
   at System.Web.Security.SqlMembershipProvider.CreateUser(String username, String password, String email, String passwordQuestion, String passwordAnswer, Boolean isApproved, Object providerUserKey, MembershipCreateStatus& status)
   at System.Web.Security.Membership.CreateUser(String username, String password, String email, String passwordQuestion, String passwordAnswer, Boolean isApproved, Object providerUserKey, MembershipCreateStatus& status)
   at MovieBooking.BLL.Entities.RegisteredUser.Insert() in C:\subu\Mtech\Dot.Net\movie-ticket-booking-system\trunk\BLL\Entities\RegisteredUser.cs:line 109
   at MovieBooking.BLL.Entities.RegisteredUser.<InsertMember>b__0() in C:\subu\Mtech\Dot.Net\movie-ticket-booking-system\trunk\BLL\Entities\RegisteredUser.cs:line 88
   at Microsoft.Practices.EnterpriseLibrary.ExceptionHandling.ExceptionManagerImpl.Process[TResult](Func`1 action, TResult defaultResult, String policyName) in e:\Builds\EntLib\Latest\Source\Blocks\ExceptionHandling\Src\ExceptionHandling\ExceptionManagerImpl.cs:line 214

Additional Info:

MachineName : TEAMIE-PC
TimeStamp : 5/5/2012 8:10:27 AM
FullName : Microsoft.Practices.EnterpriseLibrary.ExceptionHandling, Version=5.0.414.0, Culture=neutral, PublicKeyToken=31bf3856ad364e35
AppDomainName : a3b4c87f-1-129806784093763515
ThreadIdentity : 
WindowsIdentity : TEAMIE-PC\TEAMIE

Category: Exception
Priority: 0
EventId: 100
Severity: Error
Title: Enterprise Library Exception Handling
Activity ID: 00000000-0000-0000-0000-000000000000
Machine: TEAMIE-PC
App Domain: a3b4c87f-1-129806784093763515
ProcessId: 6468
Process Name: C:\Program Files (x86)\Common Files\Microsoft Shared\DevServer\10.0\WebDev.WebServer40.exe
Thread Name: 
Win32 ThreadId:6936
Extended Properties: HelpLink.ProdName - Microsoft SQL Server
HelpLink.EvtSrc - MSSQLServer
HelpLink.EvtID - 87
HelpLink.BaseHelpUrl - http://go.microsoft.com/fwlink
HelpLink.LinkId - 20476

----------------------------------------
----------------------------------------
Timestamp: 5/5/2012 4:13:25 PM
Message: HandlingInstanceID: 642e6ae7-a782-4293-ba2b-0f5ceda86378
An exception of type 'System.Data.SqlClient.SqlException' occurred and was caught.
----------------------------------------------------------------------------------
05/05/2012 16:13:25
Type : System.Data.SqlClient.SqlException, System.Data, Version=4.0.0.0, Culture=neutral, PublicKeyToken=b77a5c561934e089
Message : A network-related or instance-specific error occurred while establishing a connection to SQL Server. The server was not found or was not accessible. Verify that the instance name is correct and that SQL Server is configured to allow remote connections. (provider: Named Pipes Provider, error: 40 - Could not open a connection to SQL Server)
Source : .Net SqlClient Data Provider
Help link : 
Errors : System.Data.SqlClient.SqlErrorCollection
Class : 20
LineNumber : 0
Number : 53
Procedure : 
Server : 
State : 0
ErrorCode : -2146232060
Data : System.Collections.ListDictionaryInternal
TargetSite : Void OnError(System.Data.SqlClient.SqlException, Boolean)
Stack Trace :    at System.Data.SqlClient.SqlInternalConnection.OnError(SqlException exception, Boolean breakConnection)
   at System.Data.SqlClient.TdsParser.ThrowExceptionAndWarning()
   at System.Data.SqlClient.TdsParser.Connect(ServerInfo serverInfo, SqlInternalConnectionTds connHandler, Boolean ignoreSniOpenTimeout, Int64 timerExpire, Boolean encrypt, Boolean trustServerCert, Boolean integratedSecurity)
   at System.Data.SqlClient.SqlInternalConnectionTds.AttemptOneLogin(ServerInfo serverInfo, String newPassword, Boolean ignoreSniOpenTimeout, TimeoutTimer timeout, SqlConnection owningObject)
   at System.Data.SqlClient.SqlInternalConnectionTds.LoginNoFailover(ServerInfo serverInfo, String newPassword, Boolean redirectedUserInstance, SqlConnection owningObject, SqlConnectionString connectionOptions, TimeoutTimer timeout)
   at System.Data.SqlClient.SqlInternalConnectionTds.OpenLoginEnlist(SqlConnection owningObject, TimeoutTimer timeout, SqlConnectionString connectionOptions, String newPassword, Boolean redirectedUserInstance)
   at System.Data.SqlClient.SqlInternalConnectionTds..ctor(DbConnectionPoolIdentity identity, SqlConnectionString connectionOptions, Object providerInfo, String newPassword, SqlConnection owningObject, Boolean redirectedUserInstance)
   at System.Data.SqlClient.SqlConnectionFactory.CreateConnection(DbConnectionOptions options, Object poolGroupProviderInfo, DbConnectionPool pool, DbConnection owningConnection)
   at System.Data.ProviderBase.DbConnectionFactory.CreatePooledConnection(DbConnection owningConnection, DbConnectionPool pool, DbConnectionOptions options)
   at System.Data.ProviderBase.DbConnectionPool.CreateObject(DbConnection owningObject)
   at System.Data.ProviderBase.DbConnectionPool.UserCreateRequest(DbConnection owningObject)
   at System.Data.ProviderBase.DbConnectionPool.GetConnection(DbConnection owningObject)
   at System.Data.ProviderBase.DbConnectionFactory.GetConnection(DbConnection owningConnection)
   at System.Data.ProviderBase.DbConnectionClosed.OpenConnection(DbConnection outerConnection, DbConnectionFactory connectionFactory)
   at System.Data.SqlClient.SqlConnection.Open()
   at System.Web.DataAccess.SqlConnectionHolder.Open(HttpContext context, Boolean revertImpersonate)
   at System.Web.DataAccess.SqlConnectionHelper.GetConnection(String connectionString, Boolean revertImpersonation)
   at System.Web.Security.SqlMembershipProvider.CreateUser(String username, String password, String email, String passwordQuestion, String passwordAnswer, Boolean isApproved, Object providerUserKey, MembershipCreateStatus& status)
   at System.Web.Security.Membership.CreateUser(String username, String password, String email, String passwordQuestion, String passwordAnswer, Boolean isApproved, Object providerUserKey, MembershipCreateStatus& status)
   at MovieBooking.BLL.Entities.RegisteredUser.Insert() in C:\subu\Mtech\Dot.Net\movie-ticket-booking-system\trunk\BLL\Entities\RegisteredUser.cs:line 109
   at MovieBooking.BLL.Entities.RegisteredUser.<InsertMember>b__0() in C:\subu\Mtech\Dot.Net\movie-ticket-booking-system\trunk\BLL\Entities\RegisteredUser.cs:line 88
   at Microsoft.Practices.EnterpriseLibrary.ExceptionHandling.ExceptionManagerImpl.Process[TResult](Func`1 action, TResult defaultResult, String policyName) in e:\Builds\EntLib\Latest\Source\Blocks\ExceptionHandling\Src\ExceptionHandling\ExceptionManagerImpl.cs:line 214

Additional Info:

MachineName : TEAMIE-PC
TimeStamp : 5/5/2012 8:13:25 AM
FullName : Microsoft.Practices.EnterpriseLibrary.ExceptionHandling, Version=5.0.414.0, Culture=neutral, PublicKeyToken=31bf3856ad364e35
AppDomainName : a3b4c87f-2-129806791703678778
ThreadIdentity : 
WindowsIdentity : TEAMIE-PC\TEAMIE

Category: Exception
Priority: 0
EventId: 100
Severity: Error
Title: Enterprise Library Exception Handling
Activity ID: 00000000-0000-0000-0000-000000000000
Machine: TEAMIE-PC
App Domain: a3b4c87f-2-129806791703678778
ProcessId: 6468
Process Name: C:\Program Files (x86)\Common Files\Microsoft Shared\DevServer\10.0\WebDev.WebServer40.exe
Thread Name: 
Win32 ThreadId:4400
Extended Properties: HelpLink.ProdName - Microsoft SQL Server
HelpLink.EvtSrc - MSSQLServer
HelpLink.EvtID - 53
HelpLink.BaseHelpUrl - http://go.microsoft.com/fwlink
HelpLink.LinkId - 20476

----------------------------------------
