----------------------------------------
Timestamp: 07/05/2012 11:19:13 AM
Message: HandlingInstanceID: 4244f235-a84d-4f72-847f-50c8b513d53a
An exception of type 'System.Exception' occurred and was caught.
----------------------------------------------------------------
05/07/2012 11:19:13
Type : System.Exception, mscorlib, Version=4.0.0.0, Culture=neutral, PublicKeyToken=b77a5c561934e089
Message : 	+Validation Error(s):
	 Message=> NRIC must be 9 characters long! (Key: NRIC, Tag: , Target: MovieBooking.BLL.Entities.RegisteredUser)
	 Message=> DOB - Cannot be null! (Key: DOB, Tag: , Target: MovieBooking.BLL.Entities.RegisteredUser)

Source : MovieBooking.BLL
Help link : 
Data : System.Collections.ListDictionaryInternal
TargetSite : Boolean IsValid(T)
Stack Trace :    at MovieBooking.BLL.Entities.MBRepository`1.IsValid(T entity) in D:\Projects\MTech\Sem1\.NET I\Source\BLL\Entities\Repository.cs:line 79
   at MovieBooking.BLL.Entities.RegisteredUserRepository.InsertUser(RegisteredUser user) in D:\Projects\MTech\Sem1\.NET I\Source\BLL\Entities\RegisteredUser.cs:line 153
   at MovieBooking.BLL.Entities.RegisteredUserRepository.Insert(RegisteredUser user) in D:\Projects\MTech\Sem1\.NET I\Source\BLL\Entities\RegisteredUser.cs:line 112

Additional Info:

MachineName : A2-MANSOOR
TimeStamp : 07/05/2012 3:19:13 AM
FullName : Microsoft.Practices.EnterpriseLibrary.ExceptionHandling, Version=5.0.414.0, Culture=neutral, PublicKeyToken=31bf3856ad364e35
AppDomainName : 5804ce9c-3-129808342863359316
ThreadIdentity : 
WindowsIdentity : NCS\mansoormi

Category: Exception
Priority: 0
EventId: 100
Severity: Error
Title: Enterprise Library Exception Handling
Activity ID: 00000000-0000-0000-0000-000000000000
Machine: A2-MANSOOR
App Domain: 5804ce9c-3-129808342863359316
ProcessId: 7464
Process Name: C:\Program Files (x86)\Common Files\Microsoft Shared\DevServer\10.0\WebDev.WebServer40.exe
Thread Name: 
Win32 ThreadId:5116
Extended Properties: 
----------------------------------------
----------------------------------------
Timestamp: 07/05/2012 2:01:34 PM
Message: HandlingInstanceID: 6e11f9f9-3609-4c1d-aae9-c012f476cf0c
An exception of type 'System.NullReferenceException' occurred and was caught.
-----------------------------------------------------------------------------
05/07/2012 14:01:34
Type : System.NullReferenceException, mscorlib, Version=4.0.0.0, Culture=neutral, PublicKeyToken=b77a5c561934e089
Message : Object reference not set to an instance of an object.
Source : MovieBooking.BLL
Help link : 
Data : System.Collections.ListDictionaryInternal
TargetSite : Int32 Insert(T)
Stack Trace :    at MovieBooking.BLL.Entities.MBRepository`1.Insert(T entity) in D:\Projects\MTech\Sem1\.NET I\Source\BLL\Entities\Repository.cs:line 55
   at MovieBooking.BLL.Entities.RegisteredUserRepository.InsertUser(RegisteredUser user) in D:\Projects\MTech\Sem1\.NET I\Source\BLL\Entities\RegisteredUser.cs:line 184
   at MovieBooking.BLL.Entities.RegisteredUserRepository.Insert(RegisteredUser user) in D:\Projects\MTech\Sem1\.NET I\Source\BLL\Entities\RegisteredUser.cs:line 109

Additional Info:

MachineName : A2-MANSOOR
TimeStamp : 07/05/2012 6:01:34 AM
FullName : Microsoft.Practices.EnterpriseLibrary.ExceptionHandling, Version=5.0.414.0, Culture=neutral, PublicKeyToken=31bf3856ad364e35
AppDomainName : 5804ce9c-4-129808437264065158
ThreadIdentity : 
WindowsIdentity : NCS\mansoormi

Category: Exception
Priority: 0
EventId: 100
Severity: Error
Title: Enterprise Library Exception Handling
Activity ID: 00000000-0000-0000-0000-000000000000
Machine: A2-MANSOOR
App Domain: 5804ce9c-4-129808437264065158
ProcessId: 7464
Process Name: C:\Program Files (x86)\Common Files\Microsoft Shared\DevServer\10.0\WebDev.WebServer40.exe
Thread Name: 
Win32 ThreadId:8352
Extended Properties: 
----------------------------------------
----------------------------------------
Timestamp: 07/05/2012 2:05:40 PM
Message: HandlingInstanceID: 07f933e4-0bf2-4a88-aa93-2b166b0eb2f7
An exception of type 'System.NullReferenceException' occurred and was caught.
-----------------------------------------------------------------------------
05/07/2012 14:05:40
Type : System.NullReferenceException, mscorlib, Version=4.0.0.0, Culture=neutral, PublicKeyToken=b77a5c561934e089
Message : Object reference not set to an instance of an object.
Source : MovieBooking.BLL
Help link : 
Data : System.Collections.ListDictionaryInternal
TargetSite : Int32 Insert(T)
Stack Trace :    at MovieBooking.BLL.Entities.MBRepository`1.Insert(T entity) in D:\Projects\MTech\Sem1\.NET I\Source\BLL\Entities\Repository.cs:line 55
   at MovieBooking.BLL.Entities.RegisteredUserRepository.InsertUser(RegisteredUser user) in D:\Projects\MTech\Sem1\.NET I\Source\BLL\Entities\RegisteredUser.cs:line 184
   at MovieBooking.BLL.Entities.RegisteredUserRepository.Insert(RegisteredUser user) in D:\Projects\MTech\Sem1\.NET I\Source\BLL\Entities\RegisteredUser.cs:line 109

Additional Info:

MachineName : A2-MANSOOR
TimeStamp : 07/05/2012 6:05:40 AM
FullName : Microsoft.Practices.EnterpriseLibrary.ExceptionHandling, Version=5.0.414.0, Culture=neutral, PublicKeyToken=31bf3856ad364e35
AppDomainName : 5804ce9c-4-129808437264065158
ThreadIdentity : 
WindowsIdentity : NCS\mansoormi

Category: Exception
Priority: 0
EventId: 100
Severity: Error
Title: Enterprise Library Exception Handling
Activity ID: 00000000-0000-0000-0000-000000000000
Machine: A2-MANSOOR
App Domain: 5804ce9c-4-129808437264065158
ProcessId: 7464
Process Name: C:\Program Files (x86)\Common Files\Microsoft Shared\DevServer\10.0\WebDev.WebServer40.exe
Thread Name: 
Win32 ThreadId:8352
Extended Properties: 
----------------------------------------
----------------------------------------
Timestamp: 07/05/2012 2:39:05 PM
Message: HandlingInstanceID: 5ab6a53f-4f8d-472f-9bbd-68925fe9e50d
An exception of type 'System.NullReferenceException' occurred and was caught.
-----------------------------------------------------------------------------
05/07/2012 14:39:05
Type : System.NullReferenceException, mscorlib, Version=4.0.0.0, Culture=neutral, PublicKeyToken=b77a5c561934e089
Message : Object reference not set to an instance of an object.
Source : MovieBooking.BLL
Help link : 
Data : System.Collections.ListDictionaryInternal
TargetSite : Int32 Insert(T)
Stack Trace :    at MovieBooking.BLL.Entities.MBRepository`1.Insert(T entity) in D:\Projects\MTech\Sem1\.NET I\Source\BLL\Entities\Repository.cs:line 55
   at MovieBooking.BLL.Entities.RegisteredUserRepository.InsertUser(RegisteredUser user) in D:\Projects\MTech\Sem1\.NET I\Source\BLL\Entities\RegisteredUser.cs:line 184
   at MovieBooking.BLL.Entities.RegisteredUserRepository.Insert(RegisteredUser user) in D:\Projects\MTech\Sem1\.NET I\Source\BLL\Entities\RegisteredUser.cs:line 109

Additional Info:

MachineName : A2-MANSOOR
TimeStamp : 07/05/2012 6:39:05 AM
FullName : Microsoft.Practices.EnterpriseLibrary.ExceptionHandling, Version=5.0.414.0, Culture=neutral, PublicKeyToken=31bf3856ad364e35
AppDomainName : 5804ce9c-5-129808462509559455
ThreadIdentity : 
WindowsIdentity : NCS\mansoormi

Category: Exception
Priority: 0
EventId: 100
Severity: Error
Title: Enterprise Library Exception Handling
Activity ID: 00000000-0000-0000-0000-000000000000
Machine: A2-MANSOOR
App Domain: 5804ce9c-5-129808462509559455
ProcessId: 7464
Process Name: C:\Program Files (x86)\Common Files\Microsoft Shared\DevServer\10.0\WebDev.WebServer40.exe
Thread Name: 
Win32 ThreadId:5272
Extended Properties: 
----------------------------------------
----------------------------------------
Timestamp: 07/05/2012 4:18:13 PM
Message: HandlingInstanceID: a90a9a97-4943-42aa-9ed2-f7159e57668c
An exception of type 'System.InvalidOperationException' occurred and was caught.
--------------------------------------------------------------------------------
05/07/2012 16:18:13
Type : System.InvalidOperationException, mscorlib, Version=4.0.0.0, Culture=neutral, PublicKeyToken=b77a5c561934e089
Message : Mapping and metadata information could not be found for EntityType 'MovieBooking.BLL.Entities.RegisteredUser'.
Source : System.Data.Entity
Help link : 
Data : System.Collections.ListDictionaryInternal
TargetSite : System.Data.Metadata.Edm.TypeUsage GetTypeUsage(System.Type)
Stack Trace :    at System.Data.Objects.ObjectContext.GetTypeUsage(Type entityCLRType)
   at System.Data.Objects.ObjectContext.ValidateEntitySet(EntitySet entitySet, Type entityType)
   at System.Data.Objects.ObjectContext.VerifyRootForAdd(Boolean doAttach, String entitySetName, IEntityWrapper wrappedEntity, EntityEntry existingEntry, EntitySet& entitySet, Boolean& isNoOperation)
   at System.Data.Objects.ObjectContext.AddObject(String entitySetName, Object entity)
   at System.Data.Objects.ObjectSet`1.AddObject(TEntity entity)
   at MovieBooking.BLL.Entities.MBRepository`2.Insert(U entity) in D:\Projects\MTech\Sem1\.NET I\Source\BLL\Entities\Repository.cs:line 55
   at MovieBooking.BLL.Entities.RegisteredUserRepository.InsertUser(RegisteredUser user) in D:\Projects\MTech\Sem1\.NET I\Source\BLL\Entities\RegisteredUser.cs:line 179
   at MovieBooking.BLL.Entities.RegisteredUserRepository.Insert(RegisteredUser user) in D:\Projects\MTech\Sem1\.NET I\Source\BLL\Entities\RegisteredUser.cs:line 104

Additional Info:

MachineName : A2-MANSOOR
TimeStamp : 07/05/2012 8:18:13 AM
FullName : Microsoft.Practices.EnterpriseLibrary.ExceptionHandling, Version=5.0.414.0, Culture=neutral, PublicKeyToken=31bf3856ad364e35
AppDomainName : 5804ce9c-7-129808520508128732
ThreadIdentity : 
WindowsIdentity : NCS\mansoormi

Category: Exception
Priority: 0
EventId: 100
Severity: Error
Title: Enterprise Library Exception Handling
Activity ID: 00000000-0000-0000-0000-000000000000
Machine: A2-MANSOOR
App Domain: 5804ce9c-7-129808520508128732
ProcessId: 7464
Process Name: C:\Program Files (x86)\Common Files\Microsoft Shared\DevServer\10.0\WebDev.WebServer40.exe
Thread Name: 
Win32 ThreadId:7328
Extended Properties: 
----------------------------------------
----------------------------------------
Timestamp: 07/05/2012 4:54:09 PM
Message: HandlingInstanceID: 3b2b42f8-bb73-4030-908b-9b3372b24fc1
An exception of type 'System.Transactions.TransactionAbortedException' occurred and was caught.
-----------------------------------------------------------------------------------------------
05/07/2012 16:54:09
Type : System.Transactions.TransactionAbortedException, System.Transactions, Version=4.0.0.0, Culture=neutral, PublicKeyToken=b77a5c561934e089
Message : The transaction has aborted.
Source : System.Transactions
Help link : 
Data : System.Collections.ListDictionaryInternal
TargetSite : Void BeginCommit(System.Transactions.InternalTransaction, Boolean, System.AsyncCallback, System.Object)
Stack Trace :    at System.Transactions.TransactionStateAborted.BeginCommit(InternalTransaction tx, Boolean asyncCommit, AsyncCallback asyncCallback, Object asyncState)
   at System.Transactions.CommittableTransaction.Commit()
   at System.Transactions.TransactionScope.InternalDispose()
   at System.Transactions.TransactionScope.Dispose()
   at MovieBooking.BLL.Entities.RegisteredUserRepository.InsertUser(RegisteredUser user) in D:\Projects\MTech\Sem1\.NET I\Source\BLL\Entities\RegisteredUser.cs:line 162
   at MovieBooking.BLL.Entities.RegisteredUserRepository.Insert(RegisteredUser user) in D:\Projects\MTech\Sem1\.NET I\Source\BLL\Entities\RegisteredUser.cs:line 82

Additional Info:

MachineName : A2-MANSOOR
TimeStamp : 07/05/2012 8:54:09 AM
FullName : Microsoft.Practices.EnterpriseLibrary.ExceptionHandling, Version=5.0.414.0, Culture=neutral, PublicKeyToken=31bf3856ad364e35
AppDomainName : 5804ce9c-8-129808542301287830
ThreadIdentity : 
WindowsIdentity : NCS\mansoormi
	Inner Exception
	---------------
	Type : System.TimeoutException, mscorlib, Version=4.0.0.0, Culture=neutral, PublicKeyToken=b77a5c561934e089
	Message : Transaction Timeout
	Source : 
	Help link : 
	Data : System.Collections.ListDictionaryInternal
	TargetSite : 
	Stack Trace : The stack trace is unavailable.

Category: Exception
Priority: 0
EventId: 100
Severity: Error
Title: Enterprise Library Exception Handling
Activity ID: 00000000-0000-0000-0000-000000000000
Machine: A2-MANSOOR
App Domain: 5804ce9c-8-129808542301287830
ProcessId: 7464
Process Name: C:\Program Files (x86)\Common Files\Microsoft Shared\DevServer\10.0\WebDev.WebServer40.exe
Thread Name: 
Win32 ThreadId:8992
Extended Properties: 
----------------------------------------
----------------------------------------
Timestamp: 08/05/2012 8:20:05 AM
Message: HandlingInstanceID: 8ad40d1e-8bfc-4463-9a11-7f7c26964d55
An exception of type 'System.NullReferenceException' occurred and was caught.
-----------------------------------------------------------------------------
05/08/2012 08:20:05
Type : System.NullReferenceException, mscorlib, Version=4.0.0.0, Culture=neutral, PublicKeyToken=b77a5c561934e089
Message : Object reference not set to an instance of an object.
Source : MovieBooking.BLL
Help link : 
Data : System.Collections.ListDictionaryInternal
TargetSite : System.Collections.Generic.IEnumerable`1[MovieBooking.BLL.Entities.SystemParameter] GetSystemParameters(System.String)
Stack Trace :    at MovieBooking.BLL.Entities.SystemParameterRepository.GetSystemParameters(String category) in D:\Projects\MTech\Sem1\.NET I\Source\BLL\Entities\SystemParameter.cs:line 58

Additional Info:

MachineName : A2-MANSOOR
TimeStamp : 08/05/2012 12:20:05 AM
FullName : Microsoft.Practices.EnterpriseLibrary.ExceptionHandling, Version=5.0.414.0, Culture=neutral, PublicKeyToken=31bf3856ad364e35
AppDomainName : 5804ce9c-2-129809099642573138
ThreadIdentity : 
WindowsIdentity : NCS\mansoormi

Category: Exception
Priority: 0
EventId: 100
Severity: Error
Title: Enterprise Library Exception Handling
Activity ID: 00000000-0000-0000-0000-000000000000
Machine: A2-MANSOOR
App Domain: 5804ce9c-2-129809099642573138
ProcessId: 412
Process Name: C:\Program Files (x86)\Common Files\Microsoft Shared\DevServer\10.0\WebDev.WebServer40.exe
Thread Name: 
Win32 ThreadId:5696
Extended Properties: 
----------------------------------------
----------------------------------------
Timestamp: 08/05/2012 1:08:04 PM
Message: HandlingInstanceID: 008b76e6-d29b-4195-bdc4-c803876fa6b6
An exception of type 'System.NullReferenceException' occurred and was caught.
-----------------------------------------------------------------------------
05/08/2012 13:08:03
Type : System.NullReferenceException, mscorlib, Version=4.0.0.0, Culture=neutral, PublicKeyToken=b77a5c561934e089
Message : Object reference not set to an instance of an object.
Source : MovieBooking.BLL
Help link : 
Data : System.Collections.ListDictionaryInternal
TargetSite : System.Collections.Generic.IEnumerable`1[MovieBooking.BLL.Entities.SystemParameter] GetSystemParameters(System.String)
Stack Trace :    at MovieBooking.BLL.Entities.SystemParameterRepository.GetSystemParameters(String category) in D:\Projects\MTech\Sem1\.NET I\Source\BLL\Entities\SystemParameter.cs:line 58

Additional Info:

MachineName : A2-MANSOOR
TimeStamp : 08/05/2012 5:08:03 AM
FullName : Microsoft.Practices.EnterpriseLibrary.ExceptionHandling, Version=5.0.414.0, Culture=neutral, PublicKeyToken=31bf3856ad364e35
AppDomainName : 5804ce9c-1-129809271474414202
ThreadIdentity : 
WindowsIdentity : NCS\mansoormi

Category: Exception
Priority: 0
EventId: 100
Severity: Error
Title: Enterprise Library Exception Handling
Activity ID: 00000000-0000-0000-0000-000000000000
Machine: A2-MANSOOR
App Domain: 5804ce9c-1-129809271474414202
ProcessId: 8056
Process Name: C:\Program Files (x86)\Common Files\Microsoft Shared\DevServer\10.0\WebDev.WebServer40.exe
Thread Name: 
Win32 ThreadId:1732
Extended Properties: 
----------------------------------------
