----------------------------------------
Timestamp: 05/05/2012 1:57:45 PM
Message: public ActionResult LogOn()!
Category: General
Priority: -1
EventId: 1
Severity: Information
Title: 
Activity ID: 00000000-0000-0000-0000-000000000000
Machine: A2-MANSOOR
App Domain: 5804ce9c-13-129806705082328957
ProcessId: 2588
Process Name: C:\Program Files (x86)\Common Files\Microsoft Shared\DevServer\10.0\WebDev.WebServer40.exe
Thread Name: 
Win32 ThreadId:9140
Extended Properties: 
----------------------------------------
----------------------------------------
Timestamp: 05/05/2012 1:59:12 PM
Message: public ActionResult LogOn()!
Category: General
Priority: -1
EventId: 1
Severity: Information
Title: 
Activity ID: 00000000-0000-0000-0000-000000000000
Machine: A2-MANSOOR
App Domain: 5804ce9c-13-129806705082328957
ProcessId: 2588
Process Name: C:\Program Files (x86)\Common Files\Microsoft Shared\DevServer\10.0\WebDev.WebServer40.exe
Thread Name: 
Win32 ThreadId:8268
Extended Properties: 
----------------------------------------
----------------------------------------
Timestamp: 05/05/2012 2:02:00 PM
Message: public ActionResult LogOn()!
Category: General
Priority: -1
EventId: 1
Severity: Information
Title: 
Activity ID: 00000000-0000-0000-0000-000000000000
Machine: A2-MANSOOR
App Domain: 5804ce9c-13-129806705082328957
ProcessId: 2588
Process Name: C:\Program Files (x86)\Common Files\Microsoft Shared\DevServer\10.0\WebDev.WebServer40.exe
Thread Name: 
Win32 ThreadId:8268
Extended Properties: 
----------------------------------------
----------------------------------------
Timestamp: 05/05/2012 2:02:02 PM
Message: public ActionResult LogOn()!
Category: General
Priority: -1
EventId: 1
Severity: Information
Title: 
Activity ID: 00000000-0000-0000-0000-000000000000
Machine: A2-MANSOOR
App Domain: 5804ce9c-13-129806705082328957
ProcessId: 2588
Process Name: C:\Program Files (x86)\Common Files\Microsoft Shared\DevServer\10.0\WebDev.WebServer40.exe
Thread Name: 
Win32 ThreadId:7704
Extended Properties: 
----------------------------------------
----------------------------------------
Timestamp: 05/05/2012 4:43:55 PM
Message: public ActionResult LogOn()!
Category: General
Priority: -1
EventId: 1
Severity: Information
Title: 
Activity ID: 00000000-0000-0000-0000-000000000000
Machine: A2-MANSOOR
App Domain: 5804ce9c-8-129806780555217375
ProcessId: 2304
Process Name: C:\Program Files (x86)\Common Files\Microsoft Shared\DevServer\10.0\WebDev.WebServer40.exe
Thread Name: 
Win32 ThreadId:8340
Extended Properties: 
----------------------------------------
----------------------------------------
Timestamp: 05/05/2012 4:45:28 PM
Message: public ActionResult LogOn()!
Category: General
Priority: -1
EventId: 1
Severity: Information
Title: 
Activity ID: 00000000-0000-0000-0000-000000000000
Machine: A2-MANSOOR
App Domain: 5804ce9c-8-129806780555217375
ProcessId: 2304
Process Name: C:\Program Files (x86)\Common Files\Microsoft Shared\DevServer\10.0\WebDev.WebServer40.exe
Thread Name: 
Win32 ThreadId:9004
Extended Properties: 
----------------------------------------
----------------------------------------
Timestamp: 05/05/2012 4:49:11 PM
Message: public ActionResult LogOn()!
Category: General
Priority: -1
EventId: 1
Severity: Information
Title: 
Activity ID: 00000000-0000-0000-0000-000000000000
Machine: A2-MANSOOR
App Domain: 5804ce9c-8-129806780555217375
ProcessId: 2304
Process Name: C:\Program Files (x86)\Common Files\Microsoft Shared\DevServer\10.0\WebDev.WebServer40.exe
Thread Name: 
Win32 ThreadId:4060
Extended Properties: 
----------------------------------------
----------------------------------------
Timestamp: 05/05/2012 4:49:35 PM
Message: public ActionResult LogOn()!
Category: General
Priority: -1
EventId: 1
Severity: Information
Title: 
Activity ID: 00000000-0000-0000-0000-000000000000
Machine: A2-MANSOOR
App Domain: 5804ce9c-8-129806780555217375
ProcessId: 2304
Process Name: C:\Program Files (x86)\Common Files\Microsoft Shared\DevServer\10.0\WebDev.WebServer40.exe
Thread Name: 
Win32 ThreadId:8444
Extended Properties: 
----------------------------------------
----------------------------------------
Timestamp: 05/05/2012 5:03:01 PM
Message: public ActionResult LogOn()!
Category: General
Priority: -1
EventId: 1
Severity: Information
Title: 
Activity ID: 00000000-0000-0000-0000-000000000000
Machine: A2-MANSOOR
App Domain: 5804ce9c-8-129806780555217375
ProcessId: 2304
Process Name: C:\Program Files (x86)\Common Files\Microsoft Shared\DevServer\10.0\WebDev.WebServer40.exe
Thread Name: 
Win32 ThreadId:4060
Extended Properties: 
----------------------------------------
----------------------------------------
Timestamp: 05/05/2012 5:19:27 PM
Message: public ActionResult LogOn()!
Category: General
Priority: -1
EventId: 1
Severity: Information
Title: 
Activity ID: 00000000-0000-0000-0000-000000000000
Machine: A2-MANSOOR
App Domain: 5804ce9c-8-129806780555217375
ProcessId: 2304
Process Name: C:\Program Files (x86)\Common Files\Microsoft Shared\DevServer\10.0\WebDev.WebServer40.exe
Thread Name: 
Win32 ThreadId:3988
Extended Properties: 
----------------------------------------
----------------------------------------
Timestamp: 05/05/2012 5:19:37 PM
Message: public ActionResult LogOn()!
Category: General
Priority: -1
EventId: 1
Severity: Information
Title: 
Activity ID: 00000000-0000-0000-0000-000000000000
Machine: A2-MANSOOR
App Domain: 5804ce9c-8-129806780555217375
ProcessId: 2304
Process Name: C:\Program Files (x86)\Common Files\Microsoft Shared\DevServer\10.0\WebDev.WebServer40.exe
Thread Name: 
Win32 ThreadId:5980
Extended Properties: 
----------------------------------------
